@!@!@STARTMSG 2262:0 @!@!@
TLC2 Version 2.16 of 31 December 2020 (rev: cdddf55)
@!@!@ENDMSG 2262 @!@!@
@!@!@STARTMSG 2187:0 @!@!@
Running breadth-first search Model-Checking with fp 105 and seed -964623832696384042 with 6 workers on 12 cores with 7120MB heap and 64MB offheap memory [pid: 21720] (Linux 5.15.56 amd64, AdoptOpenJDK 14.0.1 x86_64, NoopFPSet, DiskStateQueue).
@!@!@ENDMSG 2187 @!@!@
@!@!@STARTMSG 2220:0 @!@!@
Starting SANY...
@!@!@ENDMSG 2220 @!@!@
Parsing file /home/jappie/projects/persistent-eventsource/tla/eventOrdering.toolbox/Model_1/MC.tla
Parsing file /home/jappie/projects/persistent-eventsource/tla/eventOrdering.toolbox/Model_1/eventOrdering.tla
Parsing file /nix/store/i4l0208azmlilxklimgfc0qilm9xa3i9-tla-toolbox-1.7.1/toolbox/plugins/org.lamport.tlatools_1.0.0.202012311918/tla2sany/StandardModules/TLC.tla
Parsing file /nix/store/i4l0208azmlilxklimgfc0qilm9xa3i9-tla-toolbox-1.7.1/toolbox/plugins/org.lamport.tlatools_1.0.0.202012311918/tla2sany/StandardModules/Sequences.tla
Parsing file /nix/store/i4l0208azmlilxklimgfc0qilm9xa3i9-tla-toolbox-1.7.1/toolbox/plugins/org.lamport.tlatools_1.0.0.202012311918/tla2sany/StandardModules/Integers.tla
Parsing file /nix/store/i4l0208azmlilxklimgfc0qilm9xa3i9-tla-toolbox-1.7.1/toolbox/plugins/org.lamport.tlatools_1.0.0.202012311918/tla2sany/StandardModules/FiniteSets.tla
Parsing file /nix/store/i4l0208azmlilxklimgfc0qilm9xa3i9-tla-toolbox-1.7.1/toolbox/plugins/org.lamport.tlatools_1.0.0.202012311918/tla2sany/StandardModules/Naturals.tla
Semantic processing of module Naturals
Semantic processing of module Sequences
Semantic processing of module Integers
Semantic processing of module FiniteSets
Semantic processing of module TLC
Semantic processing of module eventOrdering
Semantic processing of module MC
@!@!@STARTMSG 2219:0 @!@!@
SANY finished.
@!@!@ENDMSG 2219 @!@!@
@!@!@STARTMSG 2185:0 @!@!@
Starting... (2023-02-02 13:45:28)
@!@!@ENDMSG 2185 @!@!@
@!@!@STARTMSG 2105:1 @!@!@
Evaluating assumption line 6, col 8 to line 6, col 28 of module eventOrdering failed.
Attempted to check equality of integer 5 with non-integer:
{1, 2}
@!@!@ENDMSG 2105 @!@!@
@!@!@STARTMSG 2186:0 @!@!@
Finished in 367ms at (2023-02-02 13:45:28)
@!@!@ENDMSG 2186 @!@!@
